<?xml version="1.0" encoding="UTF-8"?>
<!-- Generated by org.testng.reporters.JUnitReportReporter -->
<testsuite hostname="DESKTOP-0D9H9LC" failures="0" tests="1" name="workingWithelement.JavaScriptAlert" time="4.127" errors="0" timestamp="2023-06-20T16:13:26 EET" skipped="0">
  <testcase classname="workingWithelement.JavaScriptAlert" name="Alert" time="4.127"/>
  <system-out/>
</testsuite> <!-- workingWithelement.JavaScriptAlert -->
