<?xml version="1.0" encoding="UTF-8"?>
<!-- Generated by org.testng.reporters.JUnitReportReporter -->
<testsuite hostname="DESKTOP-0D9H9LC" failures="0" tests="1" name="workingWithelement.ScrollingPagebyJavascript" time="0.108" errors="0" timestamp="2023-06-27T13:38:41 EET" skipped="0">
  <testcase classname="workingWithelement.ScrollingPagebyJavascript" name="scrolling" time="0.108"/>
  <system-out/>
</testsuite> <!-- workingWithelement.ScrollingPagebyJavascript -->
