<?xml version="1.0" encoding="UTF-8"?>
<!-- Generated by org.testng.reporters.JUnitReportReporter -->
<testsuite hostname="DESKTOP-0D9H9LC" failures="0" tests="1" name="workingWithelement.UoloadFileByRobotClass2" time="7.030" errors="0" timestamp="2023-06-30T10:29:02 EET" skipped="0">
  <testcase classname="workingWithelement.UoloadFileByRobotClass2" name="uploadfiles" time="7.030"/>
  <system-out/>
</testsuite> <!-- workingWithelement.UoloadFileByRobotClass2 -->
