<?xml version="1.0" encoding="UTF-8"?>
<!-- Generated by org.testng.reporters.JUnitReportReporter -->
<testsuite hostname="DESKTOP-0D9H9LC" failures="0" tests="1" name="workingWithelement.BrokenImage" time="3.140" errors="0" timestamp="2023-06-28T18:03:30 EET" skipped="0">
  <testcase classname="workingWithelement.BrokenImage" name="testbrokenimage" time="3.140"/>
  <system-out/>
</testsuite> <!-- workingWithelement.BrokenImage -->
