<?xml version="1.0" encoding="UTF-8"?>
<!-- Generated by org.testng.reporters.JUnitReportReporter -->
<testsuite hostname="DESKTOP-0D9H9LC" failures="0" tests="1" name="workingWithelement.DoubleClickWithAction" time="0.187" errors="0" timestamp="2023-06-20T14:53:22 EET" skipped="0">
  <testcase classname="workingWithelement.DoubleClickWithAction" name="doubleclick" time="0.187"/>
  <system-out/>
</testsuite> <!-- workingWithelement.DoubleClickWithAction -->
