<?xml version="1.0" encoding="UTF-8"?>
<!-- Generated by org.testng.reporters.JUnitReportReporter -->
<testsuite hostname="DESKTOP-0D9H9LC" failures="0" tests="1" name="workingWithelement.ContextMenue" time="3.374" errors="0" timestamp="2023-06-27T14:30:39 EET" skipped="0">
  <testcase classname="workingWithelement.ContextMenue" name="menue" time="3.374"/>
  <system-out/>
</testsuite> <!-- workingWithelement.ContextMenue -->
