<?xml version="1.0" encoding="UTF-8"?>
<!-- Generated by org.testng.reporters.JUnitReportReporter -->
<testsuite hostname="DESKTOP-0D9H9LC" failures="0" tests="1" name="workingWithelement.WebTables" time="0.394" errors="0" timestamp="2023-06-27T14:54:37 EET" skipped="0">
  <testcase classname="workingWithelement.WebTables" name="webtables" time="0.394"/>
  <system-out/>
</testsuite> <!-- workingWithelement.WebTables -->
