<?xml version="1.0" encoding="UTF-8"?>
<!-- Generated by org.testng.reporters.JUnitReportReporter -->
<testsuite hostname="DESKTOP-0D9H9LC" failures="0" tests="1" name="findElements.FindByID" time="0.067" errors="0" timestamp="2023-06-17T11:15:40 EET" skipped="0">
  <testcase classname="findElements.FindByID" name="findbyID" time="0.067"/>
  <system-out/>
</testsuite> <!-- findElements.FindByID -->
