<?xml version="1.0" encoding="UTF-8"?>
<!-- Generated by org.testng.reporters.JUnitReportReporter -->
<testsuite hostname="DESKTOP-0D9H9LC" failures="0" tests="1" name="workingWithelement.Test" time="0.338" errors="0" timestamp="2023-06-29T23:47:37 EET" skipped="0">
  <testcase classname="workingWithelement.Test" name="testng" time="0.338"/>
  <system-out/>
</testsuite> <!-- workingWithelement.Test -->
