<?xml version="1.0" encoding="UTF-8"?>
<!-- Generated by org.testng.reporters.JUnitReportReporter -->
<testsuite hostname="DESKTOP-0D9H9LC" failures="0" tests="1" name="workingWithelement.HTML5Canvas" time="4.842" errors="0" timestamp="2023-06-30T14:28:07 EET" skipped="0">
  <testcase classname="workingWithelement.HTML5Canvas" name="canvas" time="4.842"/>
  <system-out/>
</testsuite> <!-- workingWithelement.HTML5Canvas -->
