<?xml version="1.0" encoding="UTF-8"?>
<!-- Generated by org.testng.reporters.JUnitReportReporter -->
<testsuite hostname="DESKTOP-0D9H9LC" failures="0" tests="1" name="workingWithelement.DownloadFileFirefox" time="5.309" errors="0" timestamp="2023-06-30T11:20:36 EET" skipped="0">
  <testcase classname="workingWithelement.DownloadFileFirefox" name="firefoxfiledown" time="5.309"/>
  <system-out/>
</testsuite> <!-- workingWithelement.DownloadFileFirefox -->
