<?xml version="1.0" encoding="UTF-8"?>
<!-- Generated by org.testng.reporters.JUnitReportReporter -->
<testsuite hostname="DESKTOP-0D9H9LC" failures="0" tests="1" name="workingWithelement.UoloadFile" time="0.703" errors="0" timestamp="2023-06-29T22:35:12 EET" skipped="0">
  <testcase classname="workingWithelement.UoloadFile" name="uploadfile" time="0.703"/>
  <system-out/>
</testsuite> <!-- workingWithelement.UoloadFile -->
