<?xml version="1.0" encoding="UTF-8"?>
<!-- Generated by org.testng.reporters.JUnitReportReporter -->
<testsuite hostname="DESKTOP-0D9H9LC" failures="0" tests="1" name="workingWithelement.RadioAndCheckbox" time="0.171" errors="0" timestamp="2023-06-19T16:50:58 EET" skipped="0">
  <testcase classname="workingWithelement.RadioAndCheckbox" name="check" time="0.171"/>
  <system-out/>
</testsuite> <!-- workingWithelement.RadioAndCheckbox -->
