<?xml version="1.0" encoding="UTF-8"?>
<!-- Generated by org.testng.reporters.JUnitReportReporter -->
<testsuite hostname="DESKTOP-0D9H9LC" failures="0" tests="2" name="workingWithelement.WindowHandle" time="0.499" errors="0" timestamp="2023-06-27T14:51:59 EET" skipped="1">
  <testcase classname="workingWithelement.WindowHandle" name="windowbyname" time="0.499"/>
  <system-out/>
  <testcase classname="workingWithelement.WindowHandle" name="windowhandle">
    <skipped/>
  </testcase> <!-- windowhandle -->
  <system-out/>
</testsuite> <!-- workingWithelement.WindowHandle -->
