<?xml version="1.0" encoding="UTF-8"?>
<!-- Generated by org.testng.reporters.JUnitReportReporter -->
<testsuite hostname="DESKTOP-0D9H9LC" failures="0" tests="1" name="findElements.FindbyelementS" time="0.755" errors="0" timestamp="2023-06-27T14:52:54 EET" skipped="0">
  <testcase classname="findElements.FindbyelementS" name="elements" time="0.755"/>
  <system-out/>
</testsuite> <!-- findElements.FindbyelementS -->
