<?xml version="1.0" encoding="UTF-8"?>
<!-- Generated by org.testng.reporters.JUnitReportReporter -->
<testsuite hostname="DESKTOP-0D9H9LC" failures="0" tests="1" name="workingWithelement.DownloadFileChrome" time="0.287" errors="0" timestamp="2023-06-30T12:09:21 EET" skipped="0">
  <testcase classname="workingWithelement.DownloadFileChrome" name="filedown" time="0.287"/>
  <system-out/>
</testsuite> <!-- workingWithelement.DownloadFileChrome -->
