<?xml version="1.0" encoding="UTF-8"?>
<!-- Generated by org.testng.reporters.JUnitReportReporter -->
<testsuite hostname="DESKTOP-0D9H9LC" failures="0" tests="1" name="workingWithelement.CookiesHandle" time="0.642" errors="0" timestamp="2023-06-22T14:46:50 EET" skipped="0">
  <testcase classname="workingWithelement.CookiesHandle" name="cookieshandle" time="0.642"/>
  <system-out/>
</testsuite> <!-- workingWithelement.CookiesHandle -->
