<?xml version="1.0" encoding="UTF-8"?>
<!-- Generated by org.testng.reporters.JUnitReportReporter -->
<testsuite hostname="DESKTOP-0D9H9LC" failures="0" tests="1" name="workingWithelement.DropDownList" time="0.230" errors="0" timestamp="2023-07-03T11:22:49 EET" skipped="0">
  <testcase classname="workingWithelement.DropDownList" name="droplist" time="0.230"/>
  <system-out/>
</testsuite> <!-- workingWithelement.DropDownList -->
