<?xml version="1.0" encoding="UTF-8"?>
<!-- Generated by org.testng.reporters.JUnitReportReporter -->
<testsuite hostname="DESKTOP-0D9H9LC" failures="0" tests="1" name="workingWithelement.AllBroknLINKS" time="31.887" errors="0" timestamp="2023-06-28T18:57:46 EET" skipped="0">
  <testcase classname="workingWithelement.AllBroknLINKS" name="alllinkstest" time="31.887"/>
  <system-out/>
</testsuite> <!-- workingWithelement.AllBroknLINKS -->
