<?xml version="1.0" encoding="UTF-8"?>
<!-- Generated by org.testng.reporters.JUnitReportReporter -->
<testsuite hostname="DESKTOP-0D9H9LC" failures="0" tests="1" name="workingWithelement.TextboxandButton" time="1.022" errors="0" timestamp="2023-06-17T11:33:57 EET" skipped="0">
  <testcase classname="workingWithelement.TextboxandButton" name="loginscreen" time="1.022"/>
  <system-out/>
</testsuite> <!-- workingWithelement.TextboxandButton -->
